<?xml version="1.0" encoding="UTF-8"?>
<testng-results skipped="0" failed="0" total="1" passed="1">
  <reporter-output>
  </reporter-output>
  <suite name="Suite" duration-ms="27441" started-at="2019-11-05T10:55:04Z" finished-at="2019-11-05T10:55:31Z">
    <groups>
    </groups>
    <test name="Test" duration-ms="27441" started-at="2019-11-05T10:55:04Z" finished-at="2019-11-05T10:55:31Z">
      <class name="scripts.Acti_test">
        <test-method status="PASS" signature="opn()[pri:0, instance:scripts.Acti_test@7cdbc5d3]" name="opn" is-config="true" duration-ms="12629" started-at="2019-11-05T02:55:04Z" finished-at="2019-11-05T02:55:16Z">
          <reporter-output>
          </reporter-output>
        </test-method> <!-- opn -->
        <test-method status="PASS" signature="run()[pri:0, instance:scripts.Acti_test@7cdbc5d3]" name="run" duration-ms="10371" started-at="2019-11-05T02:55:16Z" finished-at="2019-11-05T02:55:27Z">
          <reporter-output>
          </reporter-output>
        </test-method> <!-- run -->
        <test-method status="PASS" signature="close(org.testng.ITestResult)[pri:0, instance:scripts.Acti_test@7cdbc5d3]" name="close" is-config="true" duration-ms="4412" started-at="2019-11-05T02:55:27Z" finished-at="2019-11-05T02:55:31Z">
          <params>
            <param index="0">
              <value>
                <![CDATA[[TestResult name=run status=SUCCESS method=Acti_test.run()[pri:0, instance:scripts.Acti_test@7cdbc5d3] output={null}]]]>
              </value>
            </param>
          </params>
          <reporter-output>
          </reporter-output>
        </test-method> <!-- close -->
      </class> <!-- scripts.Acti_test -->
    </test> <!-- Test -->
  </suite> <!-- Suite -->
</testng-results>
